<?xml version="1.0" encoding="UTF-8"?>
<!-- Generated by org.testng.reporters.JUnitReportReporter -->
<testsuite hostname="MAVBCP3336" failures="0" tests="2" name="selenium_maven_1.CrossBrowserScript" time="30.191" errors="0" timestamp="2021-09-23T12:31:45 IST" skipped="0">
  <testcase classname="selenium_maven_1.CrossBrowserScript" name="testParameterWithXML" time="15.109"/>
  <system-out/>
  <testcase classname="selenium_maven_1.CrossBrowserScript" name="testParameterWithXML" time="15.082"/>
  <system-out/>
</testsuite> <!-- selenium_maven_1.CrossBrowserScript -->
